{
  "stats": {
    "suites": 1,
    "tests": 2,
    "passes": 2,
    "pending": 0,
    "failures": 0,
    "start": "2025-10-30T14:44:34.298Z",
    "end": "2025-10-30T14:44:40.743Z",
    "duration": 6445,
    "testsRegistered": 2,
    "passPercent": 100,
    "pendingPercent": 0,
    "other": 0,
    "hasOther": false,
    "skipped": 0,
    "hasSkipped": false
  },
  "results": [
    {
      "uuid": "0759ba46-6885-431b-b730-ceebc465723a",
      "title": "",
      "fullFile": "/Users/putristphn/Documents/qa-engineer/digital-skola/webUIAutomationAdvanced/tests/sesi11_putristphn/login.pom.test.js",
      "file": "/tests/sesi11_putristphn/login.pom.test.js",
      "beforeHooks": [],
      "afterHooks": [],
      "tests": [],
      "suites": [
        {
          "uuid": "83188b60-54f6-4ad1-ae31-62690214c11a",
          "title": "Login functionality using Page Object Model (POM)",
          "fullFile": "/Users/putristphn/Documents/qa-engineer/digital-skola/webUIAutomationAdvanced/tests/sesi11_putristphn/login.pom.test.js",
          "file": "/tests/sesi11_putristphn/login.pom.test.js",
          "beforeHooks": [
            {
              "title": "\"before all\" hook in \"Login functionality using Page Object Model (POM)\"",
              "fullTitle": "Login functionality using Page Object Model (POM) \"before all\" hook in \"Login functionality using Page Object Model (POM)\"",
              "timedOut": false,
              "duration": 1172,
              "state": null,
              "speed": null,
              "pass": false,
              "fail": false,
              "pending": false,
              "context": null,
              "code": "driver = await buildDriver();\nlogin = new LoginPage(driver);\ninventory = new InventoryPage(driver);",
              "err": {},
              "uuid": "9a4c61c4-6583-451d-9261-c0c57912c608",
              "parentUUID": "83188b60-54f6-4ad1-ae31-62690214c11a",
              "isHook": true,
              "skipped": false
            }
          ],
          "afterHooks": [
            {
              "title": "\"after all\" hook in \"Login functionality using Page Object Model (POM)\"",
              "fullTitle": "Login functionality using Page Object Model (POM) \"after all\" hook in \"Login functionality using Page Object Model (POM)\"",
              "timedOut": false,
              "duration": 56,
              "state": null,
              "speed": null,
              "pass": false,
              "fail": false,
              "pending": false,
              "context": null,
              "code": "if (driver) await driver.quit();",
              "err": {},
              "uuid": "a9266575-796c-4b81-9a50-ab6b2df2ac3d",
              "parentUUID": "83188b60-54f6-4ad1-ae31-62690214c11a",
              "isHook": true,
              "skipped": false
            },
            {
              "title": "\"after each\" hook in \"Login functionality using Page Object Model (POM)\"",
              "fullTitle": "Login functionality using Page Object Model (POM) \"after each\" hook in \"Login functionality using Page Object Model (POM)\"",
              "timedOut": false,
              "duration": 2002,
              "state": null,
              "speed": null,
              "pass": false,
              "fail": false,
              "pending": false,
              "context": null,
              "code": "await driver.sleep(2000);",
              "err": {},
              "uuid": "c3affe64-c6d6-4c5d-a32c-2f0f8ae6f1f6",
              "parentUUID": "83188b60-54f6-4ad1-ae31-62690214c11a",
              "isHook": true,
              "skipped": false
            }
          ],
          "tests": [
            {
              "title": "User login successfully with valid credentials",
              "fullTitle": "Login functionality using Page Object Model (POM) User login successfully with valid credentials",
              "timedOut": false,
              "duration": 1070,
              "state": "passed",
              "speed": "slow",
              "pass": true,
              "fail": false,
              "pending": false,
              "context": null,
              "code": "await login.open();\nawait login.login('standard_user', 'secret_sauce');\nawait inventory.assertOnPage();\nconst logo = await inventory.text(inventory.sel.appLogo);\nassert.strictEqual(logo, 'Swag Labs', 'Should directed to the Inventory Page after login');",
              "err": {},
              "uuid": "0f6ec282-e91c-4978-9bb6-198e90283818",
              "parentUUID": "83188b60-54f6-4ad1-ae31-62690214c11a",
              "isHook": false,
              "skipped": false
            },
            {
              "title": "User failed to login with invalid credentials",
              "fullTitle": "Login functionality using Page Object Model (POM) User failed to login with invalid credentials",
              "timedOut": false,
              "duration": 142,
              "state": "passed",
              "speed": "slow",
              "pass": true,
              "fail": false,
              "pending": false,
              "context": null,
              "code": "await login.open();\nawait login.login('locked_out_user', 'secret_sauce');\nconst msg = await login.errorText();\nassert.match(msg, /locked out/i, 'Error message should contain \"locked out\"');",
              "err": {},
              "uuid": "ac0e8a5b-960a-41db-903b-9d22ebde725a",
              "parentUUID": "83188b60-54f6-4ad1-ae31-62690214c11a",
              "isHook": false,
              "skipped": false
            }
          ],
          "suites": [],
          "passes": [
            "0f6ec282-e91c-4978-9bb6-198e90283818",
            "ac0e8a5b-960a-41db-903b-9d22ebde725a"
          ],
          "failures": [],
          "pending": [],
          "skipped": [],
          "duration": 1212,
          "root": false,
          "rootEmpty": false,
          "_timeout": 40000
        }
      ],
      "passes": [],
      "failures": [],
      "pending": [],
      "skipped": [],
      "duration": 0,
      "root": true,
      "rootEmpty": true,
      "_timeout": 2000
    }
  ],
  "meta": {
    "mocha": {
      "version": "10.8.2"
    },
    "mochawesome": {
      "options": {
        "quiet": false,
        "reportFilename": "mochawesome",
        "saveHtml": true,
        "saveJson": true,
        "consoleReporter": "spec",
        "useInlineDiffs": false,
        "code": true
      },
      "version": "7.1.4"
    },
    "marge": {
      "options": null,
      "version": "6.3.0"
    }
  }
}