{
  "stats": {
    "suites": 1,
    "tests": 4,
    "passes": 4,
    "pending": 0,
    "failures": 0,
    "start": "2025-10-30T14:19:59.854Z",
    "end": "2025-10-30T14:20:11.311Z",
    "duration": 11457,
    "testsRegistered": 4,
    "passPercent": 100,
    "pendingPercent": 0,
    "other": 0,
    "hasOther": false,
    "skipped": 0,
    "hasSkipped": false
  },
  "results": [
    {
      "uuid": "b103e044-89e8-42d8-be74-89011521f0c9",
      "title": "",
      "fullFile": "/Users/putristphn/Documents/qa-engineer/digital-skola/webUIAutomationAdvanced/tests/sesi11_putristphn/sorting.pom.test.js",
      "file": "/tests/sesi11_putristphn/sorting.pom.test.js",
      "beforeHooks": [],
      "afterHooks": [],
      "tests": [],
      "suites": [
        {
          "uuid": "bdce8ff8-4a7d-4c87-97d1-48b9f7c32e01",
          "title": "Product Sorting functionality using Page Object Model (POM)",
          "fullFile": "/Users/putristphn/Documents/qa-engineer/digital-skola/webUIAutomationAdvanced/tests/sesi11_putristphn/sorting.pom.test.js",
          "file": "/tests/sesi11_putristphn/sorting.pom.test.js",
          "beforeHooks": [
            {
              "title": "\"before all\" hook in \"Product Sorting functionality using Page Object Model (POM)\"",
              "fullTitle": "Product Sorting functionality using Page Object Model (POM) \"before all\" hook in \"Product Sorting functionality using Page Object Model (POM)\"",
              "timedOut": false,
              "duration": 3061,
              "state": null,
              "speed": null,
              "pass": false,
              "fail": false,
              "pending": false,
              "context": null,
              "code": "driver = await buildDriver();\nlogin = new LoginPage(driver);\ninventory = new InventoryPage(driver);\nawait login.open();\nawait login.login('standard_user', 'secret_sauce');\nawait inventory.assertOnPage();",
              "err": {},
              "uuid": "3f370123-fa17-4d46-b0a8-8cded1339a20",
              "parentUUID": "bdce8ff8-4a7d-4c87-97d1-48b9f7c32e01",
              "isHook": true,
              "skipped": false
            }
          ],
          "afterHooks": [
            {
              "title": "\"after all\" hook in \"Product Sorting functionality using Page Object Model (POM)\"",
              "fullTitle": "Product Sorting functionality using Page Object Model (POM) \"after all\" hook in \"Product Sorting functionality using Page Object Model (POM)\"",
              "timedOut": false,
              "duration": 57,
              "state": null,
              "speed": null,
              "pass": false,
              "fail": false,
              "pending": false,
              "context": null,
              "code": "if (driver) await driver.quit();",
              "err": {},
              "uuid": "5c6b9ebd-ecb0-4f19-97bd-0b3e7061f7d2",
              "parentUUID": "bdce8ff8-4a7d-4c87-97d1-48b9f7c32e01",
              "isHook": true,
              "skipped": false
            },
            {
              "title": "\"after each\" hook in \"Product Sorting functionality using Page Object Model (POM)\"",
              "fullTitle": "Product Sorting functionality using Page Object Model (POM) \"after each\" hook in \"Product Sorting functionality using Page Object Model (POM)\"",
              "timedOut": false,
              "duration": 2001,
              "state": null,
              "speed": null,
              "pass": false,
              "fail": false,
              "pending": false,
              "context": null,
              "code": "await driver.sleep(2000);",
              "err": {},
              "uuid": "30b9e6a0-d284-490a-bb83-4b39d0e26a88",
              "parentUUID": "bdce8ff8-4a7d-4c87-97d1-48b9f7c32e01",
              "isHook": true,
              "skipped": false
            }
          ],
          "tests": [
            {
              "title": "Products successfully sorted by Name A→Z",
              "fullTitle": "Product Sorting functionality using Page Object Model (POM) Products successfully sorted by Name A→Z",
              "timedOut": false,
              "duration": 52,
              "state": "passed",
              "speed": "medium",
              "pass": true,
              "fail": false,
              "pending": false,
              "context": null,
              "code": "await inventory.sortByValue('az');\nconst first = await inventory.firstName();\nassert.strictEqual(first, 'Sauce Labs Backpack', '\"Sauce Labs Backpack\" should be the first item name when sorted A→Z');",
              "err": {},
              "uuid": "b8a7a3de-3c75-4016-835d-583f2d2141b1",
              "parentUUID": "bdce8ff8-4a7d-4c87-97d1-48b9f7c32e01",
              "isHook": false,
              "skipped": false
            },
            {
              "title": "Products successfully sorted by Name Z→A",
              "fullTitle": "Product Sorting functionality using Page Object Model (POM) Products successfully sorted by Name Z→A",
              "timedOut": false,
              "duration": 88,
              "state": "passed",
              "speed": "slow",
              "pass": true,
              "fail": false,
              "pending": false,
              "context": null,
              "code": "await inventory.sortByValue('za');\nconst first = await inventory.firstName();\nassert.strictEqual(first, 'Test.allTheThings() T-Shirt (Red)', '\"Test.allTheThings() T-Shirt (Red)\" should be the first item name when sorted Z→A');",
              "err": {},
              "uuid": "f97c8a8c-24e8-40c9-a966-13b5e3b9b984",
              "parentUUID": "bdce8ff8-4a7d-4c87-97d1-48b9f7c32e01",
              "isHook": false,
              "skipped": false
            },
            {
              "title": "Products successfully sorted by Price low→high",
              "fullTitle": "Product Sorting functionality using Page Object Model (POM) Products successfully sorted by Price low→high",
              "timedOut": false,
              "duration": 99,
              "state": "passed",
              "speed": "slow",
              "pass": true,
              "fail": false,
              "pending": false,
              "context": null,
              "code": "await inventory.sortByValue('lohi');\nconst price = (await inventory.firstPriceText()).trim();\nassert.strictEqual(price, '$7.99', '$7.99 should be the first item price when sorted Price low→high');",
              "err": {},
              "uuid": "8ab2e65c-3818-4815-beca-323d8ec41e83",
              "parentUUID": "bdce8ff8-4a7d-4c87-97d1-48b9f7c32e01",
              "isHook": false,
              "skipped": false
            },
            {
              "title": "Products successfully sorted by Price high→low",
              "fullTitle": "Product Sorting functionality using Page Object Model (POM) Products successfully sorted by Price high→low",
              "timedOut": false,
              "duration": 90,
              "state": "passed",
              "speed": "slow",
              "pass": true,
              "fail": false,
              "pending": false,
              "context": null,
              "code": "await inventory.sortByValue('hilo');\nconst price = (await inventory.firstPriceText()).trim();\nassert.strictEqual(price, '$49.99', '$49.99 should be the first item price when sorted Price high→low');",
              "err": {},
              "uuid": "c3541f09-fdc1-4d3d-bedd-eb69fb111f5f",
              "parentUUID": "bdce8ff8-4a7d-4c87-97d1-48b9f7c32e01",
              "isHook": false,
              "skipped": false
            }
          ],
          "suites": [],
          "passes": [
            "b8a7a3de-3c75-4016-835d-583f2d2141b1",
            "f97c8a8c-24e8-40c9-a966-13b5e3b9b984",
            "8ab2e65c-3818-4815-beca-323d8ec41e83",
            "c3541f09-fdc1-4d3d-bedd-eb69fb111f5f"
          ],
          "failures": [],
          "pending": [],
          "skipped": [],
          "duration": 329,
          "root": false,
          "rootEmpty": false,
          "_timeout": 40000
        }
      ],
      "passes": [],
      "failures": [],
      "pending": [],
      "skipped": [],
      "duration": 0,
      "root": true,
      "rootEmpty": true,
      "_timeout": 2000
    }
  ],
  "meta": {
    "mocha": {
      "version": "10.8.2"
    },
    "mochawesome": {
      "options": {
        "quiet": false,
        "reportFilename": "mochawesome",
        "saveHtml": true,
        "saveJson": true,
        "consoleReporter": "spec",
        "useInlineDiffs": false,
        "code": true
      },
      "version": "7.1.4"
    },
    "marge": {
      "options": null,
      "version": "6.3.0"
    }
  }
}